Started GET "/" for ::1 at 2025-01-20 18:29:39 -0300
  [1m[35m (2.2ms)[0m  [1m[35mCREATE TABLE "schema_migrations" ("version" varchar NOT NULL PRIMARY KEY) /*application='Blog'*/[0m
  [1m[35m (0.1ms)[0m  [1m[35mCREATE TABLE "ar_internal_metadata" ("key" varchar NOT NULL PRIMARY KEY, "value" varchar, "created_at" datetime(6) NOT NULL, "updated_at" datetime(6) NOT NULL) /*application='Blog'*/[0m
  [1m[36mActiveRecord::SchemaMigration Load (0.1ms)[0m  [1m[34mSELECT "schema_migrations"."version" FROM "schema_migrations" ORDER BY "schema_migrations"."version" ASC /*application='Blog'*/[0m
Processing by Rails::WelcomeController#index as HTML
  Rendering D:/Ruby34-x64/lib/ruby/gems/3.4.0/gems/railties-8.0.1/lib/rails/templates/rails/welcome/index.html.erb
  Rendered D:/Ruby34-x64/lib/ruby/gems/3.4.0/gems/railties-8.0.1/lib/rails/templates/rails/welcome/index.html.erb (Duration: 1.0ms | GC: 0.0ms)
Completed 200 OK in 1262ms (Views: 20.5ms | ActiveRecord: 0.0ms (0 queries, 0 cached) | GC: 0.0ms)


Started GET "/articles" for ::1 at 2025-01-20 18:37:29 -0300
Processing by ArticlesController#index as HTML
  Rendering layout layouts/application.html.erb
  Rendering articles/index.html.erb within layouts/application
  Rendered articles/index.html.erb within layouts/application (Duration: 0.5ms | GC: 0.0ms)
  Rendered layout layouts/application.html.erb (Duration: 19.6ms | GC: 0.0ms)
Completed 200 OK in 718ms (Views: 25.0ms | ActiveRecord: 0.0ms (0 queries, 0 cached) | GC: 0.0ms)


Started GET "/assets/application-8b441ae0.css" for ::1 at 2025-01-20 18:37:30 -0300
Started GET "/assets/turbo.min-fae85750.js" for ::1 at 2025-01-20 18:37:30 -0300
Started GET "/assets/stimulus.min-4b1e420e.js" for ::1 at 2025-01-20 18:37:30 -0300
Started GET "/assets/controllers/index-ee64e1f1.js" for ::1 at 2025-01-20 18:37:30 -0300
Started GET "/assets/controllers/hello_controller-708796bd.js" for ::1 at 2025-01-20 18:37:30 -0300
Started GET "/assets/application-bfcdf840.js" for ::1 at 2025-01-20 18:37:30 -0300
Started GET "/assets/stimulus-loading-1fc53fe7.js" for ::1 at 2025-01-20 18:37:30 -0300
Started GET "/assets/controllers/application-3affb389.js" for ::1 at 2025-01-20 18:37:30 -0300
Started GET "/" for ::1 at 2025-01-20 18:41:11 -0300
  
NoMethodError (undefined method 'resources' for main):
  
config/routes.rb:2:in '<main>'
Started GET "/favicon.ico" for ::1 at 2025-01-20 18:41:11 -0300
  [1m[36mActiveRecord::SchemaMigration Load (0.1ms)[0m  [1m[34mSELECT "schema_migrations"."version" FROM "schema_migrations" ORDER BY "schema_migrations"."version" ASC /*application='Blog'*/[0m
  
ActiveRecord::PendingMigrationError (

Migrations are pending. To resolve this issue, run:

        bin/rails db:migrate

You have 1 pending migration:

db/migrate/20250120214014_create_posts.rb


):
  
activerecord (8.0.1) lib/active_record/migration.rb:743:in 'ActiveRecord::Migration.check_pending_migrations'
activerecord (8.0.1) lib/active_record/migration.rb:660:in 'block (2 levels) in ActiveRecord::Migration::CheckPending#call'
activesupport (8.0.1) lib/active_support/file_update_checker.rb:85:in 'ActiveSupport::FileUpdateChecker#execute'
activesupport (8.0.1) lib/active_support/file_update_checker.rb:95:in 'ActiveSupport::FileUpdateChecker#execute_if_updated'
activerecord (8.0.1) lib/active_record/migration.rb:667:in 'block in ActiveRecord::Migration::CheckPending#call'
activerecord (8.0.1) lib/active_record/migration.rb:657:in 'Thread::Mutex#synchronize'
activerecord (8.0.1) lib/active_record/migration.rb:657:in 'ActiveRecord::Migration::CheckPending#call'
actionpack (8.0.1) lib/action_dispatch/middleware/callbacks.rb:31:in 'block in ActionDispatch::Callbacks#call'
activesupport (8.0.1) lib/active_support/callbacks.rb:100:in 'ActiveSupport::Callbacks#run_callbacks'
actionpack (8.0.1) lib/action_dispatch/middleware/callbacks.rb:30:in 'ActionDispatch::Callbacks#call'
actionpack (8.0.1) lib/action_dispatch/middleware/executor.rb:16:in 'ActionDispatch::Executor#call'
actionpack (8.0.1) lib/action_dispatch/middleware/actionable_exceptions.rb:18:in 'ActionDispatch::ActionableExceptions#call'
actionpack (8.0.1) lib/action_dispatch/middleware/debug_exceptions.rb:31:in 'ActionDispatch::DebugExceptions#call'
web-console (4.2.1) lib/web_console/middleware.rb:132:in 'WebConsole::Middleware#call_app'
web-console (4.2.1) lib/web_console/middleware.rb:28:in 'block in WebConsole::Middleware#call'
web-console (4.2.1) lib/web_console/middleware.rb:17:in 'Kernel#catch'
web-console (4.2.1) lib/web_console/middleware.rb:17:in 'WebConsole::Middleware#call'
actionpack (8.0.1) lib/action_dispatch/middleware/show_exceptions.rb:32:in 'ActionDispatch::ShowExceptions#call'
railties (8.0.1) lib/rails/rack/logger.rb:41:in 'Rails::Rack::Logger#call_app'
railties (8.0.1) lib/rails/rack/logger.rb:29:in 'Rails::Rack::Logger#call'
actionpack (8.0.1) lib/action_dispatch/middleware/remote_ip.rb:96:in 'ActionDispatch::RemoteIp#call'
actionpack (8.0.1) lib/action_dispatch/middleware/request_id.rb:34:in 'ActionDispatch::RequestId#call'
rack (3.1.8) lib/rack/method_override.rb:28:in 'Rack::MethodOverride#call'
rack (3.1.8) lib/rack/runtime.rb:24:in 'Rack::Runtime#call'
actionpack (8.0.1) lib/action_dispatch/middleware/server_timing.rb:61:in 'block in ActionDispatch::ServerTiming#call'
actionpack (8.0.1) lib/action_dispatch/middleware/server_timing.rb:26:in 'ActionDispatch::ServerTiming::Subscriber#collect_events'
actionpack (8.0.1) lib/action_dispatch/middleware/server_timing.rb:60:in 'ActionDispatch::ServerTiming#call'
actionpack (8.0.1) lib/action_dispatch/middleware/executor.rb:16:in 'ActionDispatch::Executor#call'
actionpack (8.0.1) lib/action_dispatch/middleware/static.rb:27:in 'ActionDispatch::Static#call'
rack (3.1.8) lib/rack/sendfile.rb:114:in 'Rack::Sendfile#call'
actionpack (8.0.1) lib/action_dispatch/middleware/host_authorization.rb:143:in 'ActionDispatch::HostAuthorization#call'
railties (8.0.1) lib/rails/engine.rb:535:in 'Rails::Engine#call'
puma (6.5.0) lib/puma/configuration.rb:279:in 'Puma::Configuration::ConfigMiddleware#call'
puma (6.5.0) lib/puma/request.rb:99:in 'block in Puma::Request#handle_request'
puma (6.5.0) lib/puma/thread_pool.rb:389:in 'Puma::ThreadPool#with_force_shutdown'
puma (6.5.0) lib/puma/request.rb:98:in 'Puma::Request#handle_request'
puma (6.5.0) lib/puma/server.rb:468:in 'Puma::Server#process_client'
puma (6.5.0) lib/puma/server.rb:249:in 'block in Puma::Server#run'
puma (6.5.0) lib/puma/thread_pool.rb:166:in 'block in Puma::ThreadPool#spawn_thread'
  [1m[36mActiveRecord::InternalMetadata Load (0.2ms)[0m  [1m[34mSELECT * FROM "ar_internal_metadata" WHERE "ar_internal_metadata"."key" = 'environment' ORDER BY "ar_internal_metadata"."key" ASC LIMIT 1 /*application='Blog'*/[0m
  [1m[36mActiveRecord::InternalMetadata Create (1.9ms)[0m  [1m[32mINSERT INTO "ar_internal_metadata" ("key", "value", "created_at", "updated_at") VALUES ('environment', 'development', '2025-01-20 21:42:06.048291', '2025-01-20 21:42:06.048294') RETURNING "key" /*application='Blog'*/[0m
  [1m[36mActiveRecord::SchemaMigration Load (0.1ms)[0m  [1m[34mSELECT "schema_migrations"."version" FROM "schema_migrations" ORDER BY "schema_migrations"."version" ASC /*application='Blog'*/[0m
Migrating to CreatePosts (20250120214014)
  [1m[36mTRANSACTION (0.1ms)[0m  [1m[35mBEGIN immediate TRANSACTION /*application='Blog'*/[0m
  [1m[35m (2.8ms)[0m  [1m[35mCREATE TABLE "posts" ("id" integer PRIMARY KEY AUTOINCREMENT NOT NULL, "tittle" varchar, "description" varchar, "text" varchar, "created_at" datetime(6) NOT NULL, "updated_at" datetime(6) NOT NULL) /*application='Blog'*/[0m
  [1m[36mActiveRecord::SchemaMigration Create (0.2ms)[0m  [1m[32mINSERT INTO "schema_migrations" ("version") VALUES ('20250120214014') RETURNING "version" /*application='Blog'*/[0m
  [1m[36mTRANSACTION (0.1ms)[0m  [1m[35mCOMMIT TRANSACTION /*application='Blog'*/[0m
  [1m[36mActiveRecord::SchemaMigration Load (0.0ms)[0m  [1m[34mSELECT "schema_migrations"."version" FROM "schema_migrations" ORDER BY "schema_migrations"."version" ASC /*application='Blog'*/[0m
Started GET "/" for ::1 at 2025-01-20 18:42:16 -0300
  
NoMethodError (undefined method 'resources' for main):
  
config/routes.rb:2:in '<main>'
Started GET "/favicon.ico" for ::1 at 2025-01-20 18:42:16 -0300
  [1m[36mActiveRecord::SchemaMigration Load (0.2ms)[0m  [1m[34mSELECT "schema_migrations"."version" FROM "schema_migrations" ORDER BY "schema_migrations"."version" ASC /*application='Blog'*/[0m
  
ActionController::RoutingError (No route matches [GET] "/favicon.ico"):
  
Started GET "/" for ::1 at 2025-01-20 18:44:03 -0300
Processing by Rails::WelcomeController#index as HTML
  Rendering D:/Ruby34-x64/lib/ruby/gems/3.4.0/gems/railties-8.0.1/lib/rails/templates/rails/welcome/index.html.erb
  Rendered D:/Ruby34-x64/lib/ruby/gems/3.4.0/gems/railties-8.0.1/lib/rails/templates/rails/welcome/index.html.erb (Duration: 0.9ms | GC: 0.0ms)
Completed 200 OK in 594ms (Views: 1.7ms | ActiveRecord: 0.0ms (0 queries, 0 cached) | GC: 0.0ms)


Started GET "/post" for ::1 at 2025-01-20 18:44:13 -0300
  
ActionController::RoutingError (No route matches [GET] "/post"):
  
Started GET "/posts" for ::1 at 2025-01-20 18:44:48 -0300
Processing by PostsController#index as HTML
  Rendering layout layouts/application.html.erb
  Rendering posts/index.html.erb within layouts/application
  [1m[36mPost Load (1.3ms)[0m  [1m[34mSELECT "posts".* FROM "posts" /*action='index',application='Blog',controller='posts'*/[0m
  ↳ app/views/posts/index.html.erb:8
  Rendered posts/index.html.erb within layouts/application (Duration: 3.8ms | GC: 0.0ms)
  Rendered layout layouts/application.html.erb (Duration: 8.6ms | GC: 0.0ms)
Completed 200 OK in 673ms (Views: 12.7ms | ActiveRecord: 1.4ms (1 query, 0 cached) | GC: 0.0ms)


Started GET "/posts" for ::1 at 2025-01-20 18:45:21 -0300
Processing by PostsController#index as HTML
  Rendering layout layouts/application.html.erb
  Rendering posts/index.html.erb within layouts/application
  [1m[36mPost Load (1.7ms)[0m  [1m[34mSELECT "posts".* FROM "posts" /*action='index',application='Blog',controller='posts'*/[0m
  ↳ app/views/posts/index.html.erb:8
  Rendered posts/index.html.erb within layouts/application (Duration: 4.7ms | GC: 0.0ms)
  Rendered layout layouts/application.html.erb (Duration: 8.9ms | GC: 0.0ms)
Completed 200 OK in 633ms (Views: 12.4ms | ActiveRecord: 1.7ms (1 query, 0 cached) | GC: 0.0ms)


Started GET "/posts/new" for ::1 at 2025-01-20 18:45:23 -0300
Processing by PostsController#new as HTML
  Rendering layout layouts/application.html.erb
  Rendering posts/new.html.erb within layouts/application
  Rendered posts/_form.html.erb (Duration: 13.1ms | GC: 0.0ms)
  Rendered posts/new.html.erb within layouts/application (Duration: 14.9ms | GC: 0.0ms)
  Rendered layout layouts/application.html.erb (Duration: 15.6ms | GC: 0.0ms)
Completed 200 OK in 607ms (Views: 16.0ms | ActiveRecord: 0.6ms (0 queries, 0 cached) | GC: 0.0ms)


Started POST "/posts" for ::1 at 2025-01-20 18:46:59 -0300
Processing by PostsController#create as TURBO_STREAM
  Parameters: {"authenticity_token" => "[FILTERED]", "post" => {"tittle" => "Botafogo Campeão", "description" => "Botafogo foi campeão da Libertadores e do Brasileirão", "text" => "Botafogo em 2024 foi campeão da Copa Libertadores e do Campeonato Brasileiro."}, "commit" => "Create Post"}
  [1m[36mTRANSACTION (0.1ms)[0m  [1m[35mBEGIN immediate TRANSACTION /*action='create',application='Blog',controller='posts'*/[0m
  ↳ app/controllers/posts_controller.rb:27:in 'block in PostsController#create'
  [1m[36mPost Create (2.0ms)[0m  [1m[32mINSERT INTO "posts" ("tittle", "description", "text", "created_at", "updated_at") VALUES ('Botafogo Campeão', 'Botafogo foi campeão da Libertadores e do Brasileirão', 'Botafogo em 2024 foi campeão da Copa Libertadores e do Campeonato Brasileiro.', '2025-01-20 21:47:00.164838', '2025-01-20 21:47:00.164838') RETURNING "id" /*action='create',application='Blog',controller='posts'*/[0m
  ↳ app/controllers/posts_controller.rb:27:in 'block in PostsController#create'
  [1m[36mTRANSACTION (1.6ms)[0m  [1m[35mCOMMIT TRANSACTION /*action='create',application='Blog',controller='posts'*/[0m
  ↳ app/controllers/posts_controller.rb:27:in 'block in PostsController#create'
Redirected to http://localhost:3000/posts/1
Completed 302 Found in 589ms (ActiveRecord: 3.7ms (1 query, 0 cached) | GC: 0.0ms)


Started GET "/posts/1" for ::1 at 2025-01-20 18:47:00 -0300
Processing by PostsController#show as TURBO_STREAM
  Parameters: {"id" => "1"}
  [1m[36mPost Load (0.1ms)[0m  [1m[34mSELECT "posts".* FROM "posts" WHERE "posts"."id" = 1 LIMIT 1 /*action='show',application='Blog',controller='posts'*/[0m
  ↳ app/controllers/posts_controller.rb:63:in 'PostsController#set_post'
  Rendering layout layouts/application.html.erb
  Rendering posts/show.html.erb within layouts/application
  Rendered posts/_post.html.erb (Duration: 0.5ms | GC: 0.0ms)
  Rendered posts/show.html.erb within layouts/application (Duration: 8.5ms | GC: 0.0ms)
  Rendered layout layouts/application.html.erb (Duration: 9.2ms | GC: 0.0ms)
Completed 200 OK in 599ms (Views: 9.6ms | ActiveRecord: 0.1ms (1 query, 0 cached) | GC: 0.0ms)


Started GET "/posts" for ::1 at 2025-01-20 18:47:04 -0300
Processing by PostsController#index as HTML
  Rendering layout layouts/application.html.erb
  Rendering posts/index.html.erb within layouts/application
  [1m[36mPost Load (0.1ms)[0m  [1m[34mSELECT "posts".* FROM "posts" /*action='index',application='Blog',controller='posts'*/[0m
  ↳ app/views/posts/index.html.erb:8
  Rendered posts/_post.html.erb (Duration: 0.1ms | GC: 0.0ms)
  Rendered posts/index.html.erb within layouts/application (Duration: 2.4ms | GC: 0.0ms)
  Rendered layout layouts/application.html.erb (Duration: 3.1ms | GC: 0.0ms)
Completed 200 OK in 577ms (Views: 3.3ms | ActiveRecord: 0.1ms (1 query, 0 cached) | GC: 0.0ms)


Started GET "/posts/1" for ::1 at 2025-01-20 18:47:15 -0300
Processing by PostsController#show as HTML
  Parameters: {"id" => "1"}
  [1m[36mPost Load (0.1ms)[0m  [1m[34mSELECT "posts".* FROM "posts" WHERE "posts"."id" = 1 LIMIT 1 /*action='show',application='Blog',controller='posts'*/[0m
  ↳ app/controllers/posts_controller.rb:63:in 'PostsController#set_post'
  Rendering layout layouts/application.html.erb
  Rendering posts/show.html.erb within layouts/application
  Rendered posts/_post.html.erb (Duration: 0.0ms | GC: 0.0ms)
  Rendered posts/show.html.erb within layouts/application (Duration: 0.9ms | GC: 0.0ms)
  Rendered layout layouts/application.html.erb (Duration: 1.6ms | GC: 0.0ms)
Completed 200 OK in 614ms (Views: 2.0ms | ActiveRecord: 0.1ms (1 query, 0 cached) | GC: 0.0ms)


Started GET "/posts/1" for ::1 at 2025-01-20 18:47:16 -0300
Processing by PostsController#show as HTML
  Parameters: {"id" => "1"}
  [1m[36mPost Load (0.2ms)[0m  [1m[34mSELECT "posts".* FROM "posts" WHERE "posts"."id" = 1 LIMIT 1 /*action='show',application='Blog',controller='posts'*/[0m
  ↳ app/controllers/posts_controller.rb:63:in 'PostsController#set_post'
  Rendering layout layouts/application.html.erb
  Rendering posts/show.html.erb within layouts/application
  Rendered posts/_post.html.erb (Duration: 0.0ms | GC: 0.0ms)
  Rendered posts/show.html.erb within layouts/application (Duration: 0.9ms | GC: 0.0ms)
  Rendered layout layouts/application.html.erb (Duration: 1.5ms | GC: 0.0ms)
Completed 200 OK in 625ms (Views: 1.8ms | ActiveRecord: 0.2ms (1 query, 0 cached) | GC: 0.0ms)


Started GET "/posts/1/edit" for ::1 at 2025-01-20 18:47:17 -0300
Processing by PostsController#edit as HTML
  Parameters: {"id" => "1"}
  [1m[36mPost Load (0.1ms)[0m  [1m[34mSELECT "posts".* FROM "posts" WHERE "posts"."id" = 1 LIMIT 1 /*action='edit',application='Blog',controller='posts'*/[0m
  ↳ app/controllers/posts_controller.rb:63:in 'PostsController#set_post'
  Rendering layout layouts/application.html.erb
  Rendering posts/edit.html.erb within layouts/application
  Rendered posts/_form.html.erb (Duration: 1.2ms | GC: 0.0ms)
  Rendered posts/edit.html.erb within layouts/application (Duration: 2.0ms | GC: 0.0ms)
  Rendered layout layouts/application.html.erb (Duration: 2.6ms | GC: 0.0ms)
Completed 200 OK in 614ms (Views: 3.7ms | ActiveRecord: 0.1ms (1 query, 0 cached) | GC: 0.0ms)


Started PATCH "/posts/1" for ::1 at 2025-01-20 18:47:23 -0300
Processing by PostsController#update as TURBO_STREAM
  Parameters: {"authenticity_token" => "[FILTERED]", "post" => {"tittle" => "Botafogo Campeão", "description" => "Botafogo foi campeão da Libertadores e do Brasileirão", "text" => "Botafogo em 2024 foi campeão da Copa Libertadores e do Campeonato Brasileiro!"}, "commit" => "Update Post", "id" => "1"}
  [1m[36mPost Load (0.1ms)[0m  [1m[34mSELECT "posts".* FROM "posts" WHERE "posts"."id" = 1 LIMIT 1 /*action='update',application='Blog',controller='posts'*/[0m
  ↳ app/controllers/posts_controller.rb:63:in 'PostsController#set_post'
  [1m[36mTRANSACTION (0.0ms)[0m  [1m[35mBEGIN immediate TRANSACTION /*action='update',application='Blog',controller='posts'*/[0m
  ↳ app/controllers/posts_controller.rb:40:in 'block in PostsController#update'
  [1m[36mPost Update (1.8ms)[0m  [1m[33mUPDATE "posts" SET "text" = 'Botafogo em 2024 foi campeão da Copa Libertadores e do Campeonato Brasileiro!', "updated_at" = '2025-01-20 21:47:23.939927' WHERE "posts"."id" = 1 /*action='update',application='Blog',controller='posts'*/[0m
  ↳ app/controllers/posts_controller.rb:40:in 'block in PostsController#update'
  [1m[36mTRANSACTION (0.1ms)[0m  [1m[35mCOMMIT TRANSACTION /*action='update',application='Blog',controller='posts'*/[0m
  ↳ app/controllers/posts_controller.rb:40:in 'block in PostsController#update'
Redirected to http://localhost:3000/posts/1
Completed 302 Found in 590ms (ActiveRecord: 2.1ms (2 queries, 0 cached) | GC: 0.0ms)


Started GET "/posts/1" for ::1 at 2025-01-20 18:47:23 -0300
Processing by PostsController#show as TURBO_STREAM
  Parameters: {"id" => "1"}
  [1m[36mPost Load (0.2ms)[0m  [1m[34mSELECT "posts".* FROM "posts" WHERE "posts"."id" = 1 LIMIT 1 /*action='show',application='Blog',controller='posts'*/[0m
  ↳ app/controllers/posts_controller.rb:63:in 'PostsController#set_post'
  Rendering layout layouts/application.html.erb
  Rendering posts/show.html.erb within layouts/application
  Rendered posts/_post.html.erb (Duration: 0.0ms | GC: 0.0ms)
  Rendered posts/show.html.erb within layouts/application (Duration: 1.5ms | GC: 0.0ms)
  Rendered layout layouts/application.html.erb (Duration: 2.2ms | GC: 0.0ms)
Completed 200 OK in 592ms (Views: 2.5ms | ActiveRecord: 0.2ms (1 query, 0 cached) | GC: 0.0ms)


Started GET "/posts" for ::1 at 2025-01-20 18:47:25 -0300
Processing by PostsController#index as HTML
Started GET "/posts/1/edit" for ::1 at 2025-01-20 18:47:25 -0300
Processing by PostsController#edit as HTML
  Parameters: {"id" => "1"}
  Rendering layout layouts/application.html.erb
  Rendering posts/index.html.erb within layouts/application
  [1m[36mPost Load (0.1ms)[0m  [1m[34mSELECT "posts".* FROM "posts" /*action='index',application='Blog',controller='posts'*/[0m
  ↳ app/views/posts/index.html.erb:8
  Rendered posts/_post.html.erb (Duration: 0.1ms | GC: 0.0ms)
  Rendered posts/index.html.erb within layouts/application (Duration: 3.9ms | GC: 0.0ms)
  Rendered layout layouts/application.html.erb (Duration: 5.8ms | GC: 0.0ms)
Completed 200 OK in 675ms (Views: 6.2ms | ActiveRecord: 0.1ms (1 query, 0 cached) | GC: 0.0ms)


Started GET "/posts" for ::1 at 2025-01-20 18:47:26 -0300
Processing by PostsController#index as HTML
Started DELETE "/posts/1" for ::1 at 2025-01-20 18:47:26 -0300
  [1m[36mPost Load (0.1ms)[0m  [1m[34mSELECT "posts".* FROM "posts" WHERE "posts"."id" = 1 LIMIT 1 /*action='edit',application='Blog',controller='posts'*/[0m
  ↳ app/controllers/posts_controller.rb:63:in 'PostsController#set_post'
  Rendering layout layouts/application.html.erb
  Rendering posts/edit.html.erb within layouts/application
  Rendered posts/_form.html.erb (Duration: 1.0ms | GC: 0.0ms)
  Rendered posts/edit.html.erb within layouts/application (Duration: 2.4ms | GC: 0.0ms)
  Rendered layout layouts/application.html.erb (Duration: 5.0ms | GC: 0.0ms)
Completed 200 OK in 892ms (Views: 6.3ms | ActiveRecord: 0.1ms (1 query, 0 cached) | GC: 0.0ms)


Processing by PostsController#destroy as TURBO_STREAM
  Parameters: {"authenticity_token" => "[FILTERED]", "id" => "1"}
  Rendering layout layouts/application.html.erb
  Rendering posts/index.html.erb within layouts/application
  [1m[36mPost Load (0.1ms)[0m  [1m[34mSELECT "posts".* FROM "posts" /*action='index',application='Blog',controller='posts'*/[0m
  ↳ app/views/posts/index.html.erb:8
  Rendered posts/_post.html.erb (Duration: 0.0ms | GC: 0.0ms)
  Rendered posts/index.html.erb within layouts/application (Duration: 3.7ms | GC: 0.0ms)
  Rendered layout layouts/application.html.erb (Duration: 5.1ms | GC: 0.0ms)
Completed 200 OK in 959ms (Views: 5.8ms | ActiveRecord: 0.1ms (1 query, 0 cached) | GC: 0.0ms)


  [1m[36mPost Load (0.1ms)[0m  [1m[34mSELECT "posts".* FROM "posts" WHERE "posts"."id" = 1 LIMIT 1 /*action='destroy',application='Blog',controller='posts'*/[0m
  ↳ app/controllers/posts_controller.rb:63:in 'PostsController#set_post'
  [1m[36mTRANSACTION (0.1ms)[0m  [1m[35mBEGIN immediate TRANSACTION /*action='destroy',application='Blog',controller='posts'*/[0m
  ↳ app/controllers/posts_controller.rb:52:in 'PostsController#destroy'
  [1m[36mPost Destroy (1.4ms)[0m  [1m[31mDELETE FROM "posts" WHERE "posts"."id" = 1 /*action='destroy',application='Blog',controller='posts'*/[0m
  ↳ app/controllers/posts_controller.rb:52:in 'PostsController#destroy'
  [1m[36mTRANSACTION (0.1ms)[0m  [1m[35mCOMMIT TRANSACTION /*action='destroy',application='Blog',controller='posts'*/[0m
  ↳ app/controllers/posts_controller.rb:52:in 'PostsController#destroy'
Redirected to http://localhost:3000/posts
Completed 303 See Other in 731ms (ActiveRecord: 1.6ms (2 queries, 0 cached) | GC: 0.0ms)


Started GET "/posts" for ::1 at 2025-01-20 18:47:27 -0300
Processing by PostsController#index as TURBO_STREAM
  Rendering layout layouts/application.html.erb
  Rendering posts/index.html.erb within layouts/application
  [1m[36mPost Load (0.1ms)[0m  [1m[34mSELECT "posts".* FROM "posts" /*action='index',application='Blog',controller='posts'*/[0m
  ↳ app/views/posts/index.html.erb:8
  Rendered posts/index.html.erb within layouts/application (Duration: 2.0ms | GC: 0.0ms)
  Rendered layout layouts/application.html.erb (Duration: 2.9ms | GC: 0.0ms)
Completed 200 OK in 600ms (Views: 3.3ms | ActiveRecord: 0.1ms (1 query, 0 cached) | GC: 0.0ms)


Started GET "/posts/new" for ::1 at 2025-01-20 18:47:29 -0300
Processing by PostsController#new as HTML
  Rendering layout layouts/application.html.erb
  Rendering posts/new.html.erb within layouts/application
  Rendered posts/_form.html.erb (Duration: 1.0ms | GC: 0.0ms)
  Rendered posts/new.html.erb within layouts/application (Duration: 1.6ms | GC: 0.0ms)
  Rendered layout layouts/application.html.erb (Duration: 2.3ms | GC: 0.0ms)
Completed 200 OK in 611ms (Views: 2.7ms | ActiveRecord: 0.0ms (0 queries, 0 cached) | GC: 0.0ms)


Started GET "/posts/new" for ::1 at 2025-01-20 18:50:11 -0300
Processing by PostsController#new as HTML
  Rendering layout layouts/application.html.erb
  Rendering posts/new.html.erb within layouts/application
  Rendered posts/_form.html.erb (Duration: 1.9ms | GC: 0.0ms)
  Rendered posts/new.html.erb within layouts/application (Duration: 3.8ms | GC: 0.0ms)
  Rendered layout layouts/application.html.erb (Duration: 7.6ms | GC: 0.0ms)
Completed 200 OK in 622ms (Views: 13.2ms | ActiveRecord: 1.8ms (0 queries, 0 cached) | GC: 0.0ms)


Started POST "/posts" for ::1 at 2025-01-20 18:50:17 -0300
Processing by PostsController#create as TURBO_STREAM
  Parameters: {"authenticity_token" => "[FILTERED]", "post" => {"tittle" => "", "description" => "gggggggggggg", "text" => "ggggggggggg"}, "commit" => "Create Post"}
Completed 500 Internal Server Error in 581ms (ActiveRecord: 0.0ms (0 queries, 0 cached) | GC: 0.0ms)


  
NoMethodError (undefined method 'title' for an instance of Post):
  
app/controllers/posts_controller.rb:27:in 'block in PostsController#create'
app/controllers/posts_controller.rb:26:in 'PostsController#create'
Started GET "/posts/new" for ::1 at 2025-01-20 18:52:02 -0300
Processing by PostsController#new as HTML
  Rendering layout layouts/application.html.erb
  Rendering posts/new.html.erb within layouts/application
  Rendered posts/_form.html.erb (Duration: 2.0ms | GC: 0.0ms)
  Rendered posts/new.html.erb within layouts/application (Duration: 4.0ms | GC: 0.0ms)
  Rendered layout layouts/application.html.erb (Duration: 8.2ms | GC: 0.0ms)
Completed 200 OK in 624ms (Views: 14.0ms | ActiveRecord: 2.3ms (0 queries, 0 cached) | GC: 0.0ms)


Started POST "/posts" for ::1 at 2025-01-20 18:52:08 -0300
Processing by PostsController#create as TURBO_STREAM
  Parameters: {"authenticity_token" => "[FILTERED]", "post" => {"tittle" => "", "description" => "gggggggggggg", "text" => "ggggggggggg"}, "commit" => "Create Post"}
  Rendering layout layouts/application.html.erb
  Rendering posts/new.html.erb within layouts/application
  Rendered posts/_form.html.erb (Duration: 1.3ms | GC: 0.0ms)
  Rendered posts/new.html.erb within layouts/application (Duration: 1.8ms | GC: 0.0ms)
  Rendered layout layouts/application.html.erb (Duration: 2.4ms | GC: 0.0ms)
Completed 422 Unprocessable Content in 573ms (Views: 2.8ms | ActiveRecord: 0.0ms (0 queries, 0 cached) | GC: 0.0ms)


Started POST "/posts" for ::1 at 2025-01-20 18:52:21 -0300
Processing by PostsController#create as TURBO_STREAM
  Parameters: {"authenticity_token" => "[FILTERED]", "post" => {"tittle" => "ggggggggggggggg", "description" => "gggggggggggg", "text" => "ggggggggggg"}, "commit" => "Create Post"}
  [1m[36mTRANSACTION (0.1ms)[0m  [1m[35mBEGIN immediate TRANSACTION /*action='create',application='Blog',controller='posts'*/[0m
  ↳ app/controllers/posts_controller.rb:27:in 'block in PostsController#create'
  [1m[36mPost Create (1.9ms)[0m  [1m[32mINSERT INTO "posts" ("tittle", "description", "text", "created_at", "updated_at") VALUES ('ggggggggggggggg', 'gggggggggggg', 'ggggggggggg', '2025-01-20 21:52:22.311586', '2025-01-20 21:52:22.311586') RETURNING "id" /*action='create',application='Blog',controller='posts'*/[0m
  ↳ app/controllers/posts_controller.rb:27:in 'block in PostsController#create'
  [1m[36mTRANSACTION (1.5ms)[0m  [1m[35mCOMMIT TRANSACTION /*action='create',application='Blog',controller='posts'*/[0m
  ↳ app/controllers/posts_controller.rb:27:in 'block in PostsController#create'
Redirected to http://localhost:3000/posts/2
Completed 302 Found in 611ms (ActiveRecord: 3.4ms (1 query, 0 cached) | GC: 0.0ms)


Started GET "/posts/2" for ::1 at 2025-01-20 18:52:22 -0300
Processing by PostsController#show as TURBO_STREAM
  Parameters: {"id" => "2"}
  [1m[36mPost Load (0.1ms)[0m  [1m[34mSELECT "posts".* FROM "posts" WHERE "posts"."id" = 2 LIMIT 1 /*action='show',application='Blog',controller='posts'*/[0m
  ↳ app/controllers/posts_controller.rb:63:in 'PostsController#set_post'
  Rendering layout layouts/application.html.erb
  Rendering posts/show.html.erb within layouts/application
  Rendered posts/_post.html.erb (Duration: 0.4ms | GC: 0.0ms)
  Rendered posts/show.html.erb within layouts/application (Duration: 3.4ms | GC: 0.0ms)
  Rendered layout layouts/application.html.erb (Duration: 4.0ms | GC: 0.0ms)
Completed 200 OK in 614ms (Views: 4.3ms | ActiveRecord: 0.1ms (1 query, 0 cached) | GC: 0.0ms)


Started GET "/posts/2/edit" for ::1 at 2025-01-20 18:52:24 -0300
Processing by PostsController#edit as HTML
  Parameters: {"id" => "2"}
Started DELETE "/posts/2" for ::1 at 2025-01-20 18:52:24 -0300
  [1m[36mPost Load (0.1ms)[0m  [1m[34mSELECT "posts".* FROM "posts" WHERE "posts"."id" = 2 LIMIT 1 /*action='edit',application='Blog',controller='posts'*/[0m
  ↳ app/controllers/posts_controller.rb:63:in 'PostsController#set_post'
  Rendering layout layouts/application.html.erb
  Rendering posts/edit.html.erb within layouts/application
  Rendered posts/_form.html.erb (Duration: 1.0ms | GC: 0.0ms)
  Rendered posts/edit.html.erb within layouts/application (Duration: 3.5ms | GC: 0.0ms)
  Rendered layout layouts/application.html.erb (Duration: 5.6ms | GC: 0.0ms)
Completed 200 OK in 628ms (Views: 7.0ms | ActiveRecord: 0.1ms (1 query, 0 cached) | GC: 0.0ms)


Processing by PostsController#destroy as TURBO_STREAM
  Parameters: {"authenticity_token" => "[FILTERED]", "id" => "2"}
  [1m[36mPost Load (0.1ms)[0m  [1m[34mSELECT "posts".* FROM "posts" WHERE "posts"."id" = 2 LIMIT 1 /*action='destroy',application='Blog',controller='posts'*/[0m
  ↳ app/controllers/posts_controller.rb:63:in 'PostsController#set_post'
  [1m[36mTRANSACTION (0.0ms)[0m  [1m[35mBEGIN immediate TRANSACTION /*action='destroy',application='Blog',controller='posts'*/[0m
  ↳ app/controllers/posts_controller.rb:52:in 'PostsController#destroy'
  [1m[36mPost Destroy (1.2ms)[0m  [1m[31mDELETE FROM "posts" WHERE "posts"."id" = 2 /*action='destroy',application='Blog',controller='posts'*/[0m
  ↳ app/controllers/posts_controller.rb:52:in 'PostsController#destroy'
  [1m[36mTRANSACTION (0.0ms)[0m  [1m[35mCOMMIT TRANSACTION /*action='destroy',application='Blog',controller='posts'*/[0m
  ↳ app/controllers/posts_controller.rb:52:in 'PostsController#destroy'
Redirected to http://localhost:3000/posts
Completed 303 See Other in 594ms (ActiveRecord: 1.4ms (2 queries, 0 cached) | GC: 0.0ms)


Started GET "/posts" for ::1 at 2025-01-20 18:52:25 -0300
Processing by PostsController#index as TURBO_STREAM
  Rendering layout layouts/application.html.erb
  Rendering posts/index.html.erb within layouts/application
  [1m[36mPost Load (0.1ms)[0m  [1m[34mSELECT "posts".* FROM "posts" /*action='index',application='Blog',controller='posts'*/[0m
  ↳ app/views/posts/index.html.erb:8
  Rendered posts/index.html.erb within layouts/application (Duration: 2.2ms | GC: 0.0ms)
  Rendered layout layouts/application.html.erb (Duration: 2.9ms | GC: 0.0ms)
Completed 200 OK in 598ms (Views: 3.1ms | ActiveRecord: 0.1ms (1 query, 0 cached) | GC: 0.0ms)


Started GET "/posts/new" for ::1 at 2025-01-20 18:53:17 -0300
Processing by PostsController#new as HTML
  Rendering layout layouts/application.html.erb
  Rendering posts/new.html.erb within layouts/application
  Rendered posts/_form.html.erb (Duration: 1.4ms | GC: 0.0ms)
  Rendered posts/new.html.erb within layouts/application (Duration: 3.1ms | GC: 0.0ms)
  Rendered layout layouts/application.html.erb (Duration: 7.4ms | GC: 0.0ms)
Completed 200 OK in 618ms (Views: 12.6ms | ActiveRecord: 1.6ms (0 queries, 0 cached) | GC: 0.0ms)


Started GET "/posts" for ::1 at 2025-01-20 18:53:19 -0300
Processing by PostsController#index as HTML
  Rendering layout layouts/application.html.erb
  Rendering posts/index.html.erb within layouts/application
  [1m[36mPost Load (0.1ms)[0m  [1m[34mSELECT "posts".* FROM "posts" /*action='index',application='Blog',controller='posts'*/[0m
  ↳ app/views/posts/index.html.erb:8
  Rendered posts/index.html.erb within layouts/application (Duration: 2.2ms | GC: 0.0ms)
  Rendered layout layouts/application.html.erb (Duration: 2.9ms | GC: 0.0ms)
Completed 200 OK in 596ms (Views: 3.1ms | ActiveRecord: 0.1ms (1 query, 0 cached) | GC: 0.0ms)


Started GET "/" for ::1 at 2025-01-20 18:59:21 -0300
Processing by Rails::WelcomeController#index as HTML
  Rendering D:/Ruby34-x64/lib/ruby/gems/3.4.0/gems/railties-8.0.1/lib/rails/templates/rails/welcome/index.html.erb
  Rendered D:/Ruby34-x64/lib/ruby/gems/3.4.0/gems/railties-8.0.1/lib/rails/templates/rails/welcome/index.html.erb (Duration: 0.9ms | GC: 0.0ms)
Completed 200 OK in 592ms (Views: 1.6ms | ActiveRecord: 0.0ms (0 queries, 0 cached) | GC: 0.0ms)


Started GET "/rails/info/routes" for ::1 at 2025-01-20 18:59:41 -0300
Processing by Rails::InfoController#routes as HTML
  Rendering layout D:/Ruby34-x64/lib/ruby/gems/3.4.0/gems/railties-8.0.1/lib/rails/templates/layouts/application.html.erb
  Rendering D:/Ruby34-x64/lib/ruby/gems/3.4.0/gems/railties-8.0.1/lib/rails/templates/rails/info/routes.html.erb within layouts/application
  Rendered collection of D:/Ruby34-x64/lib/ruby/gems/3.4.0/gems/actionpack-8.0.1/lib/action_dispatch/middleware/templates/routes/_route.html.erb [38 times] (Duration: 6.1ms | GC: 0.0ms)
  Rendered D:/Ruby34-x64/lib/ruby/gems/3.4.0/gems/actionpack-8.0.1/lib/action_dispatch/middleware/templates/routes/_table.html.erb (Duration: 0.6ms | GC: 0.0ms)
  Rendered D:/Ruby34-x64/lib/ruby/gems/3.4.0/gems/railties-8.0.1/lib/rails/templates/rails/info/routes.html.erb within layouts/application (Duration: 12.4ms | GC: 0.0ms)
  Rendered layout D:/Ruby34-x64/lib/ruby/gems/3.4.0/gems/railties-8.0.1/lib/rails/templates/layouts/application.html.erb (Duration: 13.4ms | GC: 0.0ms)
Completed 200 OK in 633ms (Views: 15.9ms | ActiveRecord: 0.0ms (0 queries, 0 cached) | GC: 0.0ms)


Started GET "/home/index" for ::1 at 2025-01-20 19:00:02 -0300
Processing by HomeController#index as HTML
  Rendering layout layouts/application.html.erb
  Rendering home/index.html.erb within layouts/application
  Rendered home/index.html.erb within layouts/application (Duration: 0.6ms | GC: 0.0ms)
  Rendered layout layouts/application.html.erb (Duration: 4.9ms | GC: 0.0ms)
Completed 200 OK in 600ms (Views: 10.1ms | ActiveRecord: 0.0ms (0 queries, 0 cached) | GC: 0.0ms)


Started GET "/home/index" for ::1 at 2025-01-20 19:00:31 -0300
Processing by HomeController#index as HTML
  Rendering layout layouts/application.html.erb
  Rendering home/index.html.erb within layouts/application
  Rendered home/index.html.erb within layouts/application (Duration: 0.6ms | GC: 0.0ms)
  Rendered layout layouts/application.html.erb (Duration: 4.8ms | GC: 0.0ms)
Completed 200 OK in 609ms (Views: 10.3ms | ActiveRecord: 0.0ms (0 queries, 0 cached) | GC: 0.0ms)


Started GET "/" for ::1 at 2025-01-20 19:01:25 -0300
Processing by HomeController#index as HTML
  Rendering layout layouts/application.html.erb
  Rendering home/index.html.erb within layouts/application
  Rendered home/index.html.erb within layouts/application (Duration: 0.5ms | GC: 0.0ms)
  Rendered layout layouts/application.html.erb (Duration: 5.1ms | GC: 0.0ms)
Completed 200 OK in 611ms (Views: 10.2ms | ActiveRecord: 0.0ms (0 queries, 0 cached) | GC: 0.0ms)


Started GET "/rails/info/routes" for ::1 at 2025-01-20 19:01:32 -0300
Processing by Rails::InfoController#routes as HTML
  Rendering layout D:/Ruby34-x64/lib/ruby/gems/3.4.0/gems/railties-8.0.1/lib/rails/templates/layouts/application.html.erb
  Rendering D:/Ruby34-x64/lib/ruby/gems/3.4.0/gems/railties-8.0.1/lib/rails/templates/rails/info/routes.html.erb within layouts/application
  Rendered collection of D:/Ruby34-x64/lib/ruby/gems/3.4.0/gems/actionpack-8.0.1/lib/action_dispatch/middleware/templates/routes/_route.html.erb [39 times] (Duration: 6.2ms | GC: 0.0ms)
  Rendered D:/Ruby34-x64/lib/ruby/gems/3.4.0/gems/actionpack-8.0.1/lib/action_dispatch/middleware/templates/routes/_table.html.erb (Duration: 0.7ms | GC: 0.0ms)
  Rendered D:/Ruby34-x64/lib/ruby/gems/3.4.0/gems/railties-8.0.1/lib/rails/templates/rails/info/routes.html.erb within layouts/application (Duration: 12.3ms | GC: 0.0ms)
  Rendered layout D:/Ruby34-x64/lib/ruby/gems/3.4.0/gems/railties-8.0.1/lib/rails/templates/layouts/application.html.erb (Duration: 13.0ms | GC: 0.0ms)
Completed 200 OK in 633ms (Views: 15.8ms | ActiveRecord: 0.0ms (0 queries, 0 cached) | GC: 0.0ms)


Started GET "/rails/info/routes" for ::1 at 2025-01-20 19:01:49 -0300
Processing by Rails::InfoController#routes as HTML
  Rendering layout D:/Ruby34-x64/lib/ruby/gems/3.4.0/gems/railties-8.0.1/lib/rails/templates/layouts/application.html.erb
  Rendering D:/Ruby34-x64/lib/ruby/gems/3.4.0/gems/railties-8.0.1/lib/rails/templates/rails/info/routes.html.erb within layouts/application
  Rendered collection of D:/Ruby34-x64/lib/ruby/gems/3.4.0/gems/actionpack-8.0.1/lib/action_dispatch/middleware/templates/routes/_route.html.erb [38 times] (Duration: 6.4ms | GC: 0.0ms)
  Rendered D:/Ruby34-x64/lib/ruby/gems/3.4.0/gems/actionpack-8.0.1/lib/action_dispatch/middleware/templates/routes/_table.html.erb (Duration: 0.6ms | GC: 0.0ms)
  Rendered D:/Ruby34-x64/lib/ruby/gems/3.4.0/gems/railties-8.0.1/lib/rails/templates/rails/info/routes.html.erb within layouts/application (Duration: 13.2ms | GC: 0.0ms)
  Rendered layout D:/Ruby34-x64/lib/ruby/gems/3.4.0/gems/railties-8.0.1/lib/rails/templates/layouts/application.html.erb (Duration: 14.0ms | GC: 0.0ms)
Completed 200 OK in 634ms (Views: 16.7ms | ActiveRecord: 0.0ms (0 queries, 0 cached) | GC: 0.0ms)


